<?xml version="1.0" encoding="utf-8"?><testsuites name="pytest tests"><testsuite name="pytest" errors="0" failures="0" skipped="0" tests="4" time="0.338" timestamp="2025-07-18T11:40:20.557964+00:00" hostname="devbox"><testcase classname="tests.test_generator.TestGenerator" name="test_generate_extensions_data_from_ref" time="0.002" /><testcase classname="tests.test_ref_generation.TestRefGeneration" name="test_generate_extensions_data_from_ref" time="0.001" /><testcase classname="tests.test_scraper.TestScraper" name="test_scrape_file_size_limits" time="0.007" /><testcase classname="tests.test_scraper.TestScraper" name="test_scrape_rate_limits" time="0.004" /></testsuite></testsuites>